빌드 시작: 2015-10-31 오후 2:56:58
     1>2 노드의 "C:\work\AndroidClient\AndroidClient\AndroidClient.NativeActivity\AndroidClient.NativeActivity.vcxproj" 프로젝트(Rebuild 대상)입니다.
     1>SetBuildDefaultEnvironmentVariables:
         ANDROID_HOME=C:\Program Files (x86)\Android\android-sdk
         ANT_HOME=C:\Program Files (x86)\Microsoft Visual Studio 14.0\Apps\apache-ant-1.9.3\
         JAVA_HOME=C:\Program Files (x86)\Java\jdk1.7.0_55
         NDK_ROOT=C:\ProgramData\Microsoft\AndroidNDK\android-ndk-r10e\
       ClCompile:
         C:\ProgramData\Microsoft\AndroidNDK\android-ndk-r10e\toolchains\llvm-3.6\prebuilt\windows\bin\clang.exe -c -fdiagnostics-format=msvc -gcc-toolchain "C:\ProgramData\Microsoft\AndroidNDK\android-ndk-r10e\\toolchains\arm-linux-androideabi-4.9\prebuilt\windows" -target "armv7-none-linux-androideabi" --sysroot="C:\ProgramData\Microsoft\AndroidNDK\android-ndk-r10e\\platforms\android-19\arch-arm" -I "C:\ProgramData\Microsoft\AndroidNDK\android-ndk-r10e\\platforms\android-19\arch-arm\usr\include" -I "C:\ProgramData\Microsoft\AndroidNDK\android-ndk-r10e\\sources\cxx-stl\gnu-libstdc++\4.9\include" -I "C:\ProgramData\Microsoft\AndroidNDK\android-ndk-r10e\\sources\cxx-stl\gnu-libstdc++\4.9\libs\armeabi-v7a\include" -I "C:\ProgramData\Microsoft\AndroidNDK\android-ndk-r10e\\sources\cxx-stl\gnu-libstdc++\4.9\include\backward" -I "C:\ProgramData\Microsoft\AndroidNDK\android-ndk-r10e\\toolchains\llvm-3.6\prebuilt\windows\lib\clang\3.6\include" -gline-tables-only -o "ARM\Release\pch.h.gch" -Wall -O3 -fno-strict-aliasing -mthumb -fomit-frame-pointer -fno-exceptions -ffunction-sections -fdata-sections -mfloat-abi=softfp -fstack-protector -fpic -fno-short-enums -fno-rtti -D NDEBUG -x c++-header pch.h
         pch.h
         C:\ProgramData\Microsoft\AndroidNDK\android-ndk-r10e\toolchains\llvm-3.6\prebuilt\windows\bin\clang.exe -c -fdiagnostics-format=msvc -gcc-toolchain "C:\ProgramData\Microsoft\AndroidNDK\android-ndk-r10e\\toolchains\arm-linux-androideabi-4.9\prebuilt\windows" -target "armv7-none-linux-androideabi" --sysroot="C:\ProgramData\Microsoft\AndroidNDK\android-ndk-r10e\\platforms\android-19\arch-arm" -I "C:\ProgramData\Microsoft\AndroidNDK\android-ndk-r10e\\platforms\android-19\arch-arm\usr\include" -I "C:\ProgramData\Microsoft\AndroidNDK\android-ndk-r10e\\sources\cxx-stl\gnu-libstdc++\4.9\include" -I "C:\ProgramData\Microsoft\AndroidNDK\android-ndk-r10e\\sources\cxx-stl\gnu-libstdc++\4.9\libs\armeabi-v7a\include" -I "C:\ProgramData\Microsoft\AndroidNDK\android-ndk-r10e\\sources\cxx-stl\gnu-libstdc++\4.9\include\backward" -I "C:\ProgramData\Microsoft\AndroidNDK\android-ndk-r10e\\toolchains\llvm-3.6\prebuilt\windows\lib\clang\3.6\include" -gline-tables-only -o "ARM\Release\android_native_app_glue.o" -Wall -O3 -fno-strict-aliasing -mthumb -fomit-frame-pointer -fno-exceptions -ffunction-sections -fdata-sections -mfloat-abi=softfp -fstack-protector -fpic -fno-short-enums -fno-rtti -D NDEBUG -x c++ -include ARM\Release\pch.h android_native_app_glue.c
         android_native_app_glue.c
         C:\ProgramData\Microsoft\AndroidNDK\android-ndk-r10e\toolchains\llvm-3.6\prebuilt\windows\bin\clang.exe -c -fdiagnostics-format=msvc -gcc-toolchain "C:\ProgramData\Microsoft\AndroidNDK\android-ndk-r10e\\toolchains\arm-linux-androideabi-4.9\prebuilt\windows" -target "armv7-none-linux-androideabi" --sysroot="C:\ProgramData\Microsoft\AndroidNDK\android-ndk-r10e\\platforms\android-19\arch-arm" -I "C:\ProgramData\Microsoft\AndroidNDK\android-ndk-r10e\\platforms\android-19\arch-arm\usr\include" -I "C:\ProgramData\Microsoft\AndroidNDK\android-ndk-r10e\\sources\cxx-stl\gnu-libstdc++\4.9\include" -I "C:\ProgramData\Microsoft\AndroidNDK\android-ndk-r10e\\sources\cxx-stl\gnu-libstdc++\4.9\libs\armeabi-v7a\include" -I "C:\ProgramData\Microsoft\AndroidNDK\android-ndk-r10e\\sources\cxx-stl\gnu-libstdc++\4.9\include\backward" -I "C:\ProgramData\Microsoft\AndroidNDK\android-ndk-r10e\\toolchains\llvm-3.6\prebuilt\windows\lib\clang\3.6\include" -gline-tables-only -o "ARM\Release\main.o" -Wall -O3 -fno-strict-aliasing -mthumb -fomit-frame-pointer -fno-exceptions -ffunction-sections -fdata-sections -mfloat-abi=softfp -fstack-protector -fpic -fno-short-enums -fno-rtti -D NDEBUG -x c++ -include ARM\Release\pch.h main.cpp
         main.cpp
     1>main.cpp(255,1): warning : control may reach end of non-void function [-Wreturn-type]
         }
         ^
         1 warning generated.
       Link:
         C:\ProgramData\Microsoft\AndroidNDK\android-ndk-r10e\toolchains\llvm-3.6\prebuilt\windows\bin\clang.exe -fdiagnostics-format=msvc -o"ARM\Release\libAndroidClient.so" -Wl,-rpath-link="C:\ProgramData\Microsoft\AndroidNDK\android-ndk-r10e\\platforms\android-19\arch-arm\usr\lib" -Wl,-L"C:\ProgramData\Microsoft\AndroidNDK\android-ndk-r10e\\platforms\android-19\arch-arm\usr\lib" -Wl,-L"C:\ProgramData\Microsoft\AndroidNDK\android-ndk-r10e\\toolchains\arm-linux-androideabi-4.9\prebuilt\windows\lib\gcc\arm-linux-androideabi\4.8\armv7-a" -Wl,-L"C:\ProgramData\Microsoft\AndroidNDK\android-ndk-r10e\\sources\cxx-stl\gnu-libstdc++\4.9\libs\armeabi-v7a\thumb" -Wl,--no-undefined -gcc-toolchain "C:\ProgramData\Microsoft\AndroidNDK\android-ndk-r10e\\toolchains\arm-linux-androideabi-4.9\prebuilt\windows" -target "armv7-none-linux-androideabi" --sysroot="C:\ProgramData\Microsoft\AndroidNDK\android-ndk-r10e\\platforms\android-19\arch-arm" -Wl,-z,relro -Wl,-z,now -Wl,-z,noexecstack -shared -lm ARM\Release\android_native_app_glue.o ARM\Release\main.o c:\projectApi\a1\libTWAPI_A1.a -lgnustl_static -llog -landroid -lGLESv1_CM -lEGL
         arm-linux-androideabi-strip.exe --strip-unneeded  -o "C:\work\AndroidClient\ARM\Release\libAndroidClient.so" "ARM\Release\libAndroidClient.so"
         AndroidClient.NativeActivity.vcxproj -> C:\work\AndroidClient\ARM\Release\libAndroidClient.so
     1>"C:\work\AndroidClient\AndroidClient\AndroidClient.NativeActivity\AndroidClient.NativeActivity.vcxproj" 프로젝트를 빌드했습니다(Rebuild 대상).

빌드했습니다.

경과 시간: 00:00:01.69
