빌드 시작: 2015-09-19 오후 5:31:16
     1>2 노드의 "C:\work\AndroidClient\AndroidClient\AndroidClient.NativeActivity\AndroidClient.NativeActivity.vcxproj" 프로젝트(Rebuild 대상)입니다.
     1>SetBuildDefaultEnvironmentVariables:
         ANDROID_HOME=C:\Program Files (x86)\Android\android-sdk
         ANT_HOME=C:\Program Files (x86)\Microsoft Visual Studio 14.0\Apps\apache-ant-1.9.3\
         JAVA_HOME=C:\Program Files (x86)\Java\jdk1.7.0_55
         NDK_ROOT=C:\ProgramData\Microsoft\AndroidNDK\android-ndk-r10e\
       ClCompile:
         C:\ProgramData\Microsoft\AndroidNDK\android-ndk-r10e\toolchains\llvm-3.6\prebuilt\windows\bin\clang.exe -c -fdiagnostics-format=msvc -gcc-toolchain "C:\ProgramData\Microsoft\AndroidNDK\android-ndk-r10e\\toolchains\x86-4.9\prebuilt\windows" -target "i686-none-linux-androideabi" --sysroot="C:\ProgramData\Microsoft\AndroidNDK\android-ndk-r10e\\platforms\android-19\arch-x86" -I "C:\ProgramData\Microsoft\AndroidNDK\android-ndk-r10e\\platforms\android-19\arch-x86\usr\include" -I "C:\ProgramData\Microsoft\AndroidNDK\android-ndk-r10e\\sources\cxx-stl\gnu-libstdc++\4.9\include" -I "C:\ProgramData\Microsoft\AndroidNDK\android-ndk-r10e\\sources\cxx-stl\gnu-libstdc++\4.9\libs\x86\include" -I "C:\ProgramData\Microsoft\AndroidNDK\android-ndk-r10e\\sources\cxx-stl\gnu-libstdc++\4.9\include\backward" -I "C:\ProgramData\Microsoft\AndroidNDK\android-ndk-r10e\\toolchains\llvm-3.6\prebuilt\windows\lib\clang\3.6\include" -g2 -gdwarf-2 -o "x86\Debug\pch.h.gch" -Wall -O0 -fno-strict-aliasing -fno-omit-frame-pointer -fno-exceptions -fstack-protector -fpic -fno-short-enums -fno-rtti -x c++-header pch.h
         pch.h
         C:\ProgramData\Microsoft\AndroidNDK\android-ndk-r10e\toolchains\llvm-3.6\prebuilt\windows\bin\clang.exe -c -fdiagnostics-format=msvc -gcc-toolchain "C:\ProgramData\Microsoft\AndroidNDK\android-ndk-r10e\\toolchains\x86-4.9\prebuilt\windows" -target "i686-none-linux-androideabi" --sysroot="C:\ProgramData\Microsoft\AndroidNDK\android-ndk-r10e\\platforms\android-19\arch-x86" -I "C:\ProgramData\Microsoft\AndroidNDK\android-ndk-r10e\\platforms\android-19\arch-x86\usr\include" -I "C:\ProgramData\Microsoft\AndroidNDK\android-ndk-r10e\\sources\cxx-stl\gnu-libstdc++\4.9\include" -I "C:\ProgramData\Microsoft\AndroidNDK\android-ndk-r10e\\sources\cxx-stl\gnu-libstdc++\4.9\libs\x86\include" -I "C:\ProgramData\Microsoft\AndroidNDK\android-ndk-r10e\\sources\cxx-stl\gnu-libstdc++\4.9\include\backward" -I "C:\ProgramData\Microsoft\AndroidNDK\android-ndk-r10e\\toolchains\llvm-3.6\prebuilt\windows\lib\clang\3.6\include" -g2 -gdwarf-2 -o "x86\Debug\android_native_app_glue.o" -Wall -O0 -fno-strict-aliasing -fno-omit-frame-pointer -fno-exceptions -fstack-protector -fpic -fno-short-enums -fno-rtti -x c++ -include x86\Debug\pch.h android_native_app_glue.c
         android_native_app_glue.c
         C:\ProgramData\Microsoft\AndroidNDK\android-ndk-r10e\toolchains\llvm-3.6\prebuilt\windows\bin\clang.exe -c -fdiagnostics-format=msvc -gcc-toolchain "C:\ProgramData\Microsoft\AndroidNDK\android-ndk-r10e\\toolchains\x86-4.9\prebuilt\windows" -target "i686-none-linux-androideabi" --sysroot="C:\ProgramData\Microsoft\AndroidNDK\android-ndk-r10e\\platforms\android-19\arch-x86" -I "C:\ProgramData\Microsoft\AndroidNDK\android-ndk-r10e\\platforms\android-19\arch-x86\usr\include" -I "C:\ProgramData\Microsoft\AndroidNDK\android-ndk-r10e\\sources\cxx-stl\gnu-libstdc++\4.9\include" -I "C:\ProgramData\Microsoft\AndroidNDK\android-ndk-r10e\\sources\cxx-stl\gnu-libstdc++\4.9\libs\x86\include" -I "C:\ProgramData\Microsoft\AndroidNDK\android-ndk-r10e\\sources\cxx-stl\gnu-libstdc++\4.9\include\backward" -I "C:\ProgramData\Microsoft\AndroidNDK\android-ndk-r10e\\toolchains\llvm-3.6\prebuilt\windows\lib\clang\3.6\include" -g2 -gdwarf-2 -o "x86\Debug\main.o" -Wall -O0 -fno-strict-aliasing -fno-omit-frame-pointer -fno-exceptions -fstack-protector -fpic -fno-short-enums -fno-rtti -x c++ -include x86\Debug\pch.h main.cpp
         main.cpp
       Link:
         C:\ProgramData\Microsoft\AndroidNDK\android-ndk-r10e\toolchains\llvm-3.6\prebuilt\windows\bin\clang.exe -fdiagnostics-format=msvc -o"x86\Debug\libAndroidClient.so" -Wl,-rpath-link="C:\ProgramData\Microsoft\AndroidNDK\android-ndk-r10e\\platforms\android-19\arch-x86\usr\lib" -Wl,-L"C:\ProgramData\Microsoft\AndroidNDK\android-ndk-r10e\\platforms\android-19\arch-x86\usr\lib" -Wl,-L"C:\ProgramData\Microsoft\AndroidNDK\android-ndk-r10e\\toolchains\x86-4.9\prebuilt\windows\lib\gcc\i686-linux-android\4.9" -Wl,-L"C:\ProgramData\Microsoft\AndroidNDK\android-ndk-r10e\\sources\cxx-stl\gnu-libstdc++\4.9\libs\x86" -Wl,--no-undefined -gcc-toolchain "C:\ProgramData\Microsoft\AndroidNDK\android-ndk-r10e\\toolchains\x86-4.9\prebuilt\windows" -target "i686-none-linux-androideabi" --sysroot="C:\ProgramData\Microsoft\AndroidNDK\android-ndk-r10e\\platforms\android-19\arch-x86" -Wl,-z,relro -Wl,-z,now -Wl,-z,noexecstack -shared x86\Debug\android_native_app_glue.o x86\Debug\main.o -lgnustl_static -llog -landroid -lGLESv1_CM -lEGL
         i686-linux-android-strip.exe --strip-unneeded  -o "C:\work\AndroidClient\x86\Debug\libAndroidClient.so" "x86\Debug\libAndroidClient.so"
         AndroidClient.NativeActivity.vcxproj -> C:\work\AndroidClient\x86\Debug\libAndroidClient.so
     1>"C:\work\AndroidClient\AndroidClient\AndroidClient.NativeActivity\AndroidClient.NativeActivity.vcxproj" 프로젝트를 빌드했습니다(Rebuild 대상).

빌드했습니다.

경과 시간: 00:00:01.25
