c:\workspace\myserver\debug\myserver.pch
c:\workspace\myserver\debug\vc140.pdb
c:\workspace\myserver\debug\vc140.idb
c:\workspace\myserver\debug\stdafx.obj
c:\workspace\myserver\debug\bugslife.obj
c:\workspace\myserver\debug\myserver.obj
c:\workspace\myserver\debug\myserverdlg.obj
c:\workspace\myserver\debug\myserver.ilk
c:\workspace\myserver\debug\myserver.exe
c:\workspace\myserver\debug\myserver.pdb
c:\workspace\myserver\debug\myserver.res
c:\workspace\myserver\debug\myserver.tlog\cl.command.1.tlog
c:\workspace\myserver\debug\myserver.tlog\cl.read.1.tlog
c:\workspace\myserver\debug\myserver.tlog\cl.write.1.tlog
c:\workspace\myserver\debug\myserver.tlog\link.command.1.tlog
c:\workspace\myserver\debug\myserver.tlog\link.read.1.tlog
c:\workspace\myserver\debug\myserver.tlog\link.write.1.tlog
c:\workspace\myserver\debug\myserver.tlog\rc.command.1.tlog
c:\workspace\myserver\debug\myserver.tlog\rc.read.1.tlog
c:\workspace\myserver\debug\myserver.tlog\rc.write.1.tlog
